e:\2021_windy\2021_3_16\2021_3_16\debug\vc120.pdb
e:\2021_windy\2021_3_16\2021_3_16\debug\vc120.idb
e:\2021_windy\2021_3_16\2021_3_16\debug\test.obj
e:\2021_windy\2021_3_16\debug\2021_3_16.pdb
e:\2021_windy\2021_3_16\2021_3_16\debug\2021_3_16.tlog\cl.command.1.tlog
e:\2021_windy\2021_3_16\2021_3_16\debug\2021_3_16.tlog\cl.read.1.tlog
e:\2021_windy\2021_3_16\2021_3_16\debug\2021_3_16.tlog\cl.write.1.tlog
e:\2021_windy\2021_3_16\2021_3_16\debug\2021_3_16.tlog\link-cvtres.read.1.tlog
e:\2021_windy\2021_3_16\2021_3_16\debug\2021_3_16.tlog\link-cvtres.write.1.tlog
e:\2021_windy\2021_3_16\2021_3_16\debug\2021_3_16.tlog\link-rc.read.1.tlog
e:\2021_windy\2021_3_16\2021_3_16\debug\2021_3_16.tlog\link-rc.write.1.tlog
e:\2021_windy\2021_3_16\2021_3_16\debug\2021_3_16.tlog\link.14260-cvtres.read.1.tlog
e:\2021_windy\2021_3_16\2021_3_16\debug\2021_3_16.tlog\link.14260-cvtres.write.1.tlog
e:\2021_windy\2021_3_16\2021_3_16\debug\2021_3_16.tlog\link.14260-rc.read.1.tlog
e:\2021_windy\2021_3_16\2021_3_16\debug\2021_3_16.tlog\link.14260-rc.write.1.tlog
e:\2021_windy\2021_3_16\2021_3_16\debug\2021_3_16.tlog\link.14260.read.1.tlog
e:\2021_windy\2021_3_16\2021_3_16\debug\2021_3_16.tlog\link.14260.write.1.tlog
e:\2021_windy\2021_3_16\2021_3_16\debug\2021_3_16.tlog\link.command.1.tlog
e:\2021_windy\2021_3_16\2021_3_16\debug\2021_3_16.tlog\link.read.1.tlog
e:\2021_windy\2021_3_16\2021_3_16\debug\2021_3_16.tlog\link.write.1.tlog
